deb [signed-by=/usr/share/keyrings/cloudflare-main.gpg] https://pkg.cloudflare.com/cloudflared jammy main
Hit:1 https://cloud.r-project.org/bin/linux/ubuntu jammy-cran40/ InRelease
Hit:2 https://developer.download.nvidia.com/compute/cuda/repos/ubuntu2204/x86_64  InRelease
Hit:3 https://r2u.stat.illinois.edu/ubuntu jammy InRelease
Hit:4 http://archive.ubuntu.com/ubuntu jammy InRelease
Hit:5 http://security.ubuntu.com/ubuntu jammy-security InRelease
Hit:6 https://pkg.cloudflare.com/cloudflared jammy InRelease
Hit:7 http://archive.ubuntu.com/ubuntu jammy-updates InRelease
Hit:8 http://archive.ubuntu.com/ubuntu jammy-backports InRelease
Hit:9 https://ppa.launchpadcontent.net/deadsnakes/ppa/ubuntu jammy InRelease
Hit:10 https://ppa.launchpadcontent.net/graphics-drivers/ppa/ubuntu jammy InRelease
Hit:11 https://ppa.launchpadcontent.net/ubuntugis/ppa/ubuntu jammy InRelease
Reading package lists...
W: Skipping acquire of configured file 'main/source/Sources' as repository 'https://r2u.stat.illinois.edu/ubuntu jammy InRelease' does not seem to provide it (sources.list entry misspelt?)
Reading package lists...
Building dependency tree...
Reading state information...
cloudflared is already the newest version (2024.11.1).
0 upgraded, 0 newly installed, 0 to remove and 50 not upgraded.
2024-12-05T05:36:13Z INF Thank you for trying Cloudflare Tunnel. Doing so, without a Cloudflare account, is a quick way to experiment and try it out. However, be aware that these account-less Tunnels have no uptime guarantee, are subject to the Cloudflare Online Services Terms of Use (https://www.cloudflare.com/website-terms/), and Cloudflare reserves the right to investigate your use of Tunnels for violations of such terms. If you intend to use Tunnels in production you should use a pre-created named tunnel by following: https://developers.cloudflare.com/cloudflare-one/connections/connect-apps
2024-12-05T05:36:13Z INF Requesting new quick Tunnel on trycloudflare.com...
2024-12-05T05:36:17Z INF +--------------------------------------------------------------------------------------------+
2024-12-05T05:36:17Z INF |  Your quick Tunnel has been created! Visit it at (it may take some time to be reachable):  |
2024-12-05T05:36:17Z INF |  https://posting-met-snake-organize.trycloudflare.com                                      |
2024-12-05T05:36:17Z INF +--------------------------------------------------------------------------------------------+
2024-12-05T05:36:17Z INF Cannot determine default configuration path. No file [config.yml config.yaml] in [~/.cloudflared ~/.cloudflare-warp ~/cloudflare-warp /etc/cloudflared /usr/local/etc/cloudflared]
2024-12-05T05:36:17Z INF Version 2024.11.1 (Checksum 55d789465955ccfffcd61ba72807a2a4495002f7d9b7cc5eadcaa1f93c279d25)
2024-12-05T05:36:17Z INF GOOS: linux, GOVersion: go1.22.5, GoArch: amd64
2024-12-05T05:36:17Z INF Settings: map[ha-connections:1 protocol:quic url:http://localhost:5000]
2024-12-05T05:36:17Z INF cloudflared will not automatically update if installed by a package manager.
2024-12-05T05:36:17Z INF Generated Connector ID: 220ac428-6ca4-4fba-8057-79d8fb82d219
